


ARM Macro Assembler    Page 1 


    1 00000000         ;/*-----------------------------------------------------
                       ----------------------------------------------------*/
    2 00000000         ;/* Holtek Semiconductor Inc.                           
                                                                           */
    3 00000000         ;/*                                                     
                                                                           */
    4 00000000         ;/* Copyright (C) Holtek Semiconductor Inc.             
                                                                           */
    5 00000000         ;/* All rights reserved.                                
                                                                           */
    6 00000000         ;/*                                                     
                                                                           */
    7 00000000         ;/*-----------------------------------------------------
                       ------------------------------------------------------
    8 00000000         ;  File Name        : startup_ht32f5xxxx_09.s
    9 00000000         ;  Version          : $Rev:: 7594         $
   10 00000000         ;  Date             : $Date:: 2024-02-23 #$
   11 00000000         ;  Description      : Startup code.
   12 00000000         ;-------------------------------------------------------
                       ----------------------------------------------------*/
   13 00000000         
   14 00000000         ;  Supported Device
   15 00000000         ;  ========================================
   16 00000000         ;   HT32F54231, HT32F54241
   17 00000000         ;   HT32F54243, HT32F54253
   18 00000000         
   19 00000000         ;/* <<< Use Configuration Wizard in Context Menu >>>    
                                                                           */
   20 00000000         
   21 00000000         ;// <o>  HT32 Device
   22 00000000         ;// <i> Select HT32 Device for the assembly setting. 
   23 00000000         ;// <i> Notice that the project's Asm Define has the hig
                       her priority.
   24 00000000         ;//      <0=> By Project Asm Define
   25 00000000         ;//      <19=> HT32F54231/41
   26 00000000         ;//      <20=> HT32F54243/53
   27 00000000 00000000 
                       USE_HT32_CHIP_SET
                               EQU              0           ; Notice that the p
                                                            roject's Asm Define
                                                             has the higher pri
                                                            ority.
   28 00000000         
   29 00000000 FFFFFFFF 
                       _HT32FWID
                               EQU              0xFFFFFFFF
   30 00000000         ;_HT32FWID           EQU     0x00054231
   31 00000000         ;_HT32FWID           EQU     0x00054241
   32 00000000         ;_HT32FWID           EQU     0x00054243
   33 00000000         ;_HT32FWID           EQU     0x00054253
   34 00000000         
   35 00000000 00000013 
                       HT32F54231_41
                               EQU              19
   36 00000000 00000014 
                       HT32F54243_53
                               EQU              20
   37 00000000         
   38 00000000                 IF               USE_HT32_CHIP_SET=0



ARM Macro Assembler    Page 2 


   39 00000000         ; Use project's Asm Define setting (default)
   40 00000000                 ELSE
   47                          ENDIF
   48 00000000         
   49 00000000         ; Amount of memory (in bytes) allocated for Stack and He
                       ap
   50 00000000         ; Tailor those values to your application needs
   51 00000000         
   52 00000000         ;//   <o> Stack Location
   53 00000000         ;//       <0=> After the RW/ZI/Heap (Default)
   54 00000000         ;//       <1=> On the top of the SRAM (The end of the SR
                       AM)
   55 00000000 00000000 
                       USE_STACK_ON_TOP
                               EQU              0
   56 00000000         
   57 00000000         ;//   <o> Stack Size (in Bytes, must 8 byte aligned) <0-
                       16384:8>
   58 00000000         ;//       <i> Only meanful when the Stack Location = "Af
                       ter the RW/ZI/Heap" (USE_STACK_ON_TOP = 0).
   59 00000000 00000200 
                       Stack_Size
                               EQU              512
   60 00000000         
   61 00000000                 AREA             STACK, NOINIT, READWRITE, ALIGN
 = 3
   62 00000000         __HT_check_sp
   63 00000000         Stack_Mem
                               SPACE            Stack_Size
   64 00000200                 IF               (USE_STACK_ON_TOP = 1)
   67 00000200         __initial_sp
   68 00000200                 ENDIF
   69 00000200         
   70 00000200         ;//   <o>  Heap Size (in Bytes) <0-16384:8>
   71 00000200 00000000 
                       Heap_Size
                               EQU              0
   72 00000200         
   73 00000200                 AREA             HEAP, NOINIT, READWRITE, ALIGN 
= 3
   74 00000000         __HT_check_heap
   75 00000000         __heap_base
   76 00000000         Heap_Mem
                               SPACE            Heap_Size
   77 00000000         __heap_limit
   78 00000000         
   79 00000000                 PRESERVE8
   80 00000000                 THUMB
   81 00000000         
   82 00000000         ;*******************************************************
                       ************************
   83 00000000         ; Fill-up the Vector Table entries with the exceptions I
                       SR address
   84 00000000         ;*******************************************************
                       ************************
   85 00000000                 AREA             RESET, CODE, READONLY
   86 00000000                 EXPORT           __Vectors
   87 00000000 FFFFFFFF 
                       _RESERVED



ARM Macro Assembler    Page 3 


                               EQU              0xFFFFFFFF
   88 00000000         __Vectors
   89 00000000 00000000        DCD              __initial_sp ; ---, 00, 0x000, 
                                                            Top address of Stac
                                                            k
   90 00000004 00000000        DCD              Reset_Handler ; ---, 01, 0x004,
                                                             Reset Handler
   91 00000008 00000000        DCD              NMI_Handler ; -14, 02, 0x008, N
                                                            MI Handler
   92 0000000C 00000000        DCD              HardFault_Handler ; -13, 03, 0x
                                                            00C, Hard Fault Han
                                                            dler
   93 00000010 FFFFFFFF        DCD              _RESERVED   ; ---, 04, 0x010, R
                                                            eserved
   94 00000014 FFFFFFFF        DCD              _RESERVED   ; ---, 05, 0x014, R
                                                            eserved
   95 00000018 FFFFFFFF        DCD              _RESERVED   ; ---, 06, 0x018, R
                                                            eserved
   96 0000001C FFFFFFFF        DCD              _RESERVED   ; ---, 07, 0x01C, R
                                                            eserved
   97 00000020 FFFFFFFF        DCD              _HT32FWID   ; ---, 08, 0x020, R
                                                            eserved
   98 00000024 FFFFFFFF        DCD              _RESERVED   ; ---, 09, 0x024, R
                                                            eserved
   99 00000028 FFFFFFFF        DCD              _RESERVED   ; ---, 10, 0x028, R
                                                            eserved
  100 0000002C 00000000        DCD              SVC_Handler ; -05, 11, 0x02C, S
                                                            VC Handler
  101 00000030 FFFFFFFF        DCD              _RESERVED   ; ---, 12, 0x030, R
                                                            eserved
  102 00000034 FFFFFFFF        DCD              _RESERVED   ; ---, 13, 0x034, R
                                                            eserved
  103 00000038 00000000        DCD              PendSV_Handler ; -02, 14, 0x038
                                                            , PendSV Handler
  104 0000003C 00000000        DCD              SysTick_Handler ; -01, 15, 0x03
                                                            C, SysTick Handler
  105 00000040         
  106 00000040         ; External Interrupt Handler
  107 00000040 00000000        DCD              LVD_BOD_IRQHandler 
                                                            ;  00, 16, 0x040,
  108 00000044 00000000        DCD              RTC_IRQHandler 
                                                            ;  01, 17, 0x044,
  109 00000048 00000000        DCD              FLASH_IRQHandler 
                                                            ;  02, 18, 0x048,
  110 0000004C 00000000        DCD              EVWUP_IRQHandler 
                                                            ;  03, 19, 0x04C,
  111 00000050 00000000        DCD              EXTI0_1_IRQHandler 
                                                            ;  04, 20, 0x050,
  112 00000054 00000000        DCD              EXTI2_3_IRQHandler 
                                                            ;  05, 21, 0x054,
  113 00000058 00000000        DCD              EXTI4_15_IRQHandler 
                                                            ;  06, 22, 0x058,
  114 0000005C                 IF               (USE_HT32_CHIP=HT32F54231_41)
  116                          ENDIF
  117 0000005C                 IF               (USE_HT32_CHIP=HT32F54243_53)
  118 0000005C 00000000        DCD              COMP_IRQHandler 
                                                            ;  07, 23, 0x05C,
  119 00000060                 ENDIF
  120 00000060 00000000        DCD              ADC_IRQHandler 



ARM Macro Assembler    Page 4 


                                                            ;  08, 24, 0x060,
  121 00000064                 IF               (USE_HT32_CHIP=HT32F54231_41)
  123                          ENDIF
  124 00000064                 IF               (USE_HT32_CHIP=HT32F54243_53)
  125 00000064 00000000        DCD              I2C2_IRQHandler 
                                                            ;  09, 25, 0x064,
  126 00000068                 ENDIF
  127 00000068 00000000        DCD              MCTM0_IRQHandler 
                                                            ;  10, 26, 0x068,
  128 0000006C 00000000        DCD              TKEY_IRQHandler 
                                                            ;  11, 27, 0x06C,
  129 00000070 00000000        DCD              GPTM0_IRQHandler 
                                                            ;  12, 28, 0x070,
  130 00000074 00000000        DCD              SCTM0_IRQHandler 
                                                            ;  13, 29, 0x074,
  131 00000078 00000000        DCD              SCTM1_IRQHandler 
                                                            ;  14, 30, 0x078,
  132 0000007C                 IF               (USE_HT32_CHIP=HT32F54231_41)
  135                          ENDIF
  136 0000007C                 IF               (USE_HT32_CHIP=HT32F54243_53)
  137 0000007C 00000000        DCD              SCTM2_IRQHandler 
                                                            ;  15, 31, 0x07C,
  138 00000080 00000000        DCD              SCTM3_IRQHandler 
                                                            ;  16, 32, 0x080,
  139 00000084                 ENDIF
  140 00000084 00000000        DCD              BFTM0_IRQHandler 
                                                            ;  17, 33, 0x084,
  141 00000088 00000000        DCD              BFTM1_IRQHandler 
                                                            ;  18, 34, 0x088,
  142 0000008C 00000000        DCD              I2C0_IRQHandler 
                                                            ;  19, 35, 0x08C,
  143 00000090 00000000        DCD              I2C1_IRQHandler 
                                                            ;  20, 36, 0x090,
  144 00000094 00000000        DCD              SPI0_IRQHandler 
                                                            ;  21, 37, 0x094,
  145 00000098 00000000        DCD              SPI1_IRQHandler 
                                                            ;  22, 38, 0x098,
  146 0000009C 00000000        DCD              USART0_IRQHandler 
                                                            ;  23, 39, 0x09C,
  147 000000A0                 IF               (USE_HT32_CHIP=HT32F54231_41)
  149                          ENDIF
  150 000000A0                 IF               (USE_HT32_CHIP=HT32F54243_53)
  151 000000A0 00000000        DCD              USART1_IRQHandler 
                                                            ;  24, 40, 0x0A0,
  152 000000A4                 ENDIF
  153 000000A4 00000000        DCD              UART0_IRQHandler 
                                                            ;  25, 41, 0x0A4,
  154 000000A8 00000000        DCD              UART1_IRQHandler 
                                                            ;  26, 42, 0x0A8,
  155 000000AC                 IF               (USE_HT32_CHIP=HT32F54231_41)
  158                          ENDIF
  159 000000AC                 IF               (USE_HT32_CHIP=HT32F54243_53)
  160 000000AC 00000000        DCD              UART2_IRQHandler 
                                                            ;  27, 43, 0x0AC,
  161 000000B0 00000000        DCD              UART3_IRQHandler 
                                                            ;  28, 44, 0x0B0,
  162 000000B4                 ENDIF
  163 000000B4 00000000        DCD              LEDC_IRQHandler 
                                                            ;  29, 45, 0x0B4,



ARM Macro Assembler    Page 5 


  164 000000B8                 IF               (USE_HT32_CHIP=HT32F54243_53)
  165 000000B8 00000000        DCD              PDMA_CH0_1_IRQHandler 
                                                            ;  30, 46, 0x0B8,
  166 000000BC 00000000        DCD              PDMA_CH2_5_IRQHandler 
                                                            ;  31, 47, 0x0BC,
  167 000000C0                 ENDIF
  168 000000C0         
  169 000000C0         ; Reset handler routine
  170 000000C0         Reset_Handler
                               PROC
  171 000000C0                 EXPORT           Reset_Handler                  
 [WEAK]
  172 000000C0                 IMPORT           SystemInit
  173 000000C0                 IMPORT           __main
  174 000000C0 481D            LDR              R0, =BootProcess
  175 000000C2 4780            BLX              R0
  176 000000C4 481D            LDR              R0, =SystemInit
  177 000000C6 4780            BLX              R0
  178 000000C8 481D            LDR              R0, =__main
  179 000000CA 4700            BX               R0
  180 000000CC                 ENDP
  181 000000CC         
  182 000000CC         BootProcess
                               PROC
  183 000000CC 481D            LDR              R0, =0x40080300
  184 000000CE 6901            LDR              R1,[R0, #0x10]
  185 000000D0 2900            CMP              R1, #0
  186 000000D2 D108            BNE              BP1
  187 000000D4 6941            LDR              R1,[R0, #0x14]
  188 000000D6 2900            CMP              R1, #0
  189 000000D8 D105            BNE              BP1
  190 000000DA 6981            LDR              R1,[R0, #0x18]
  191 000000DC 2900            CMP              R1, #0
  192 000000DE D102            BNE              BP1
  193 000000E0 69C1            LDR              R1,[R0, #0x1C]
  194 000000E2 2900            CMP              R1, #0
  195 000000E4 D009            BEQ              BP2
  196 000000E6 4818    BP1     LDR              R0, =0x40080180
  197 000000E8 68C1            LDR              R1,[R0, #0xC]
  198 000000EA 0109            LSLS             R1, R1, #4
  199 000000EC 0D09            LSRS             R1, R1, #20
  200 000000EE 2900            CMP              R1, #0
  201 000000F0 D00E            BEQ              BP3
  202 000000F2 2905            CMP              R1, #5
  203 000000F4 D00C            BEQ              BP3
  204 000000F6 2906            CMP              R1, #6
  205 000000F8 D00A            BEQ              BP3
  206 000000FA F3BF 8F4F 
                       BP2     DSB
  207 000000FE 4813            LDR              R0, =0x20000000
  208 00000100 4913            LDR              R1, =0x05fa0004
  209 00000102 6001            STR              R1, [R0]
  210 00000104 4913            LDR              R1, =0xe000ed00
  211 00000106 4812            LDR              R0, =0x05fa0004
  212 00000108 60C8            STR              R0, [R1, #0xC]
  213 0000010A F3BF 8F4F       DSB
  214 0000010E E7FE            B                .
  215 00000110 480E    BP3     LDR              R0, =0x20000000
  216 00000112 6801            LDR              R1, [R0]



ARM Macro Assembler    Page 6 


  217 00000114 480E            LDR              R0, =0x05fa0004
  218 00000116 4288            CMP              R0, R1
  219 00000118 D000            BEQ              BP4
  220 0000011A 4770            BX               LR
  221 0000011C 480E    BP4     LDR              R0, =0x40088100
  222 0000011E 490F            LDR              R1, =0x00000001
  223 00000120 6001            STR              R1, [R0]
  224 00000122 480A            LDR              R0, =0x20000000
  225 00000124 490E            LDR              R1, =0x0
  226 00000126 6001            STR              R1, [R0]
  227 00000128 4770            BX               LR
  228 0000012A                 ENDP
  229 0000012A         
  230 0000012A         ; Dummy Exception Handlers
  231 0000012A         NMI_Handler
                               PROC
  232 0000012A                 EXPORT           NMI_Handler                    
 [WEAK]
  233 0000012A E7FE            B                .
  234 0000012C                 ENDP
  235 0000012C         
  236 0000012C         HardFault_Handler
                               PROC
  237 0000012C                 EXPORT           HardFault_Handler              
 [WEAK]
  238 0000012C E7FE            B                .
  239 0000012E                 ENDP
  240 0000012E         
  241 0000012E         SVC_Handler
                               PROC
  242 0000012E                 EXPORT           SVC_Handler                    
 [WEAK]
  243 0000012E E7FE            B                .
  244 00000130                 ENDP
  245 00000130         
  246 00000130         PendSV_Handler
                               PROC
  247 00000130                 EXPORT           PendSV_Handler                 
 [WEAK]
  248 00000130 E7FE            B                .
  249 00000132                 ENDP
  250 00000132         
  251 00000132         SysTick_Handler
                               PROC
  252 00000132                 EXPORT           SysTick_Handler                
 [WEAK]
  253 00000132 E7FE            B                .
  254 00000134                 ENDP
  255 00000134         
  256 00000134         Default_Handler
                               PROC
  257 00000134                 EXPORT           LVD_BOD_IRQHandler             
 [WEAK]
  258 00000134                 EXPORT           RTC_IRQHandler                 
 [WEAK]
  259 00000134                 EXPORT           FLASH_IRQHandler               
 [WEAK]
  260 00000134                 EXPORT           EVWUP_IRQHandler               
 [WEAK]



ARM Macro Assembler    Page 7 


  261 00000134                 EXPORT           EXTI0_1_IRQHandler             
 [WEAK]
  262 00000134                 EXPORT           EXTI2_3_IRQHandler             
 [WEAK]
  263 00000134                 EXPORT           EXTI4_15_IRQHandler            
 [WEAK]
  264 00000134                 EXPORT           COMP_IRQHandler                
 [WEAK]
  265 00000134                 EXPORT           ADC_IRQHandler                 
 [WEAK]
  266 00000134                 EXPORT           I2C2_IRQHandler                
 [WEAK]
  267 00000134                 EXPORT           MCTM0_IRQHandler               
 [WEAK]
  268 00000134                 EXPORT           TKEY_IRQHandler                
 [WEAK]
  269 00000134                 EXPORT           GPTM0_IRQHandler               
 [WEAK]
  270 00000134                 EXPORT           SCTM0_IRQHandler               
 [WEAK]
  271 00000134                 EXPORT           SCTM1_IRQHandler               
 [WEAK]
  272 00000134                 EXPORT           SCTM2_IRQHandler               
 [WEAK]
  273 00000134                 EXPORT           SCTM3_IRQHandler               
 [WEAK]
  274 00000134                 EXPORT           BFTM0_IRQHandler               
 [WEAK]
  275 00000134                 EXPORT           BFTM1_IRQHandler               
 [WEAK]
  276 00000134                 EXPORT           I2C0_IRQHandler                
 [WEAK]
  277 00000134                 EXPORT           I2C1_IRQHandler                
 [WEAK]
  278 00000134                 EXPORT           SPI0_IRQHandler                
 [WEAK]
  279 00000134                 EXPORT           SPI1_IRQHandler                
 [WEAK]
  280 00000134                 EXPORT           USART0_IRQHandler              
 [WEAK]
  281 00000134                 EXPORT           USART1_IRQHandler              
 [WEAK]
  282 00000134                 EXPORT           UART0_IRQHandler               
 [WEAK]
  283 00000134                 EXPORT           UART1_IRQHandler               
 [WEAK]
  284 00000134                 EXPORT           UART2_IRQHandler               
 [WEAK]
  285 00000134                 EXPORT           UART3_IRQHandler               
 [WEAK]
  286 00000134                 EXPORT           LEDC_IRQHandler                
  [WEAK]
  287 00000134                 EXPORT           PDMA_CH0_1_IRQHandler          
 [WEAK]
  288 00000134                 EXPORT           PDMA_CH2_5_IRQHandler          
 [WEAK]
  289 00000134         
  290 00000134         LVD_BOD_IRQHandler
  291 00000134         RTC_IRQHandler



ARM Macro Assembler    Page 8 


  292 00000134         FLASH_IRQHandler
  293 00000134         EVWUP_IRQHandler
  294 00000134         EXTI0_1_IRQHandler
  295 00000134         EXTI2_3_IRQHandler
  296 00000134         EXTI4_15_IRQHandler
  297 00000134         COMP_IRQHandler
  298 00000134         ADC_IRQHandler
  299 00000134         I2C2_IRQHandler
  300 00000134         MCTM0_IRQHandler
  301 00000134         TKEY_IRQHandler
  302 00000134         GPTM0_IRQHandler
  303 00000134         SCTM0_IRQHandler
  304 00000134         SCTM1_IRQHandler
  305 00000134         SCTM2_IRQHandler
  306 00000134         SCTM3_IRQHandler
  307 00000134         BFTM0_IRQHandler
  308 00000134         BFTM1_IRQHandler
  309 00000134         I2C0_IRQHandler
  310 00000134         I2C1_IRQHandler
  311 00000134         SPI0_IRQHandler
  312 00000134         SPI1_IRQHandler
  313 00000134         USART0_IRQHandler
  314 00000134         USART1_IRQHandler
  315 00000134         UART0_IRQHandler
  316 00000134         UART1_IRQHandler
  317 00000134         UART2_IRQHandler
  318 00000134         UART3_IRQHandler
  319 00000134         LEDC_IRQHandler
  320 00000134         PDMA_CH0_1_IRQHandler
  321 00000134         PDMA_CH2_5_IRQHandler
  322 00000134 E7FE            B                .
  323 00000136                 ENDP
  324 00000136         
  325 00000136 00 00           ALIGN
  326 00000138         
  327 00000138         ;*******************************************************
                       ************************
  328 00000138         ; User Stack and Heap initialization
  329 00000138         ;*******************************************************
                       ************************
  330 00000138                 EXPORT           __HT_check_heap
  331 00000138                 EXPORT           __HT_check_sp
  332 00000138         
  333 00000138                 IF               :DEF:__MICROLIB
  334 00000138         
  335 00000138                 EXPORT           __initial_sp
  336 00000138                 EXPORT           __heap_base
  337 00000138                 EXPORT           __heap_limit
  338 00000138         
  339 00000138                 ELSE
  361                          ENDIF
  362 00000138         
  363 00000138                 END
              00000000 
              00000000 
              00000000 
              40080300 
              40080180 
              20000000 



ARM Macro Assembler    Page 9 


              05FA0004 
              E000ED00 
              40088100 
              00000001 
              00000000 
Command Line: --debug --xref --diag_suppress=9931 --cpu=Cortex-M0+ --apcs=inter
work --depend=.\ht32\54253\obj\startup_ht32f5xxxx_09.d -o.\ht32\54253\obj\start
up_ht32f5xxxx_09.o -I.\RTE\_HT32 -IC:\Users\g2306\AppData\Local\Arm\Packs\Holte
k\HT32_DFP\1.0.55\ARM\INC\Holtek\HT32F5xxxx --predefine="__MICROLIB SETA 1" --p
redefine="__UVISION_VERSION SETA 536" --predefine="_RTE_ SETA 1" --predefine="U
SE_HT32F54243_53 SETA 1" --predefine="_RTE_ SETA 1" --predefine="USE_HT32_CHIP 
SETA 20" --predefine="USE_LIBCFG_RAM_SIZE SETA 0x4000" --list=.\ht32\54253\list
\startup_ht32f5xxxx_09.lst startup_ht32f5xxxx_09.s



ARM Macro Assembler    Page 1 Alphabetic symbol ordering
Relocatable symbols

STACK 00000000

Symbol: STACK
   Definitions
      At line 61 in file startup_ht32f5xxxx_09.s
   Uses
      None
Comment: STACK unused
Stack_Mem 00000000

Symbol: Stack_Mem
   Definitions
      At line 63 in file startup_ht32f5xxxx_09.s
   Uses
      None
Comment: Stack_Mem unused
__HT_check_sp 00000000

Symbol: __HT_check_sp
   Definitions
      At line 62 in file startup_ht32f5xxxx_09.s
   Uses
      At line 331 in file startup_ht32f5xxxx_09.s
Comment: __HT_check_sp used once
__initial_sp 00000200

Symbol: __initial_sp
   Definitions
      At line 67 in file startup_ht32f5xxxx_09.s
   Uses
      At line 89 in file startup_ht32f5xxxx_09.s
      At line 335 in file startup_ht32f5xxxx_09.s

4 symbols



ARM Macro Assembler    Page 1 Alphabetic symbol ordering
Relocatable symbols

HEAP 00000000

Symbol: HEAP
   Definitions
      At line 73 in file startup_ht32f5xxxx_09.s
   Uses
      None
Comment: HEAP unused
Heap_Mem 00000000

Symbol: Heap_Mem
   Definitions
      At line 76 in file startup_ht32f5xxxx_09.s
   Uses
      None
Comment: Heap_Mem unused
__HT_check_heap 00000000

Symbol: __HT_check_heap
   Definitions
      At line 74 in file startup_ht32f5xxxx_09.s
   Uses
      At line 330 in file startup_ht32f5xxxx_09.s
Comment: __HT_check_heap used once
__heap_base 00000000

Symbol: __heap_base
   Definitions
      At line 75 in file startup_ht32f5xxxx_09.s
   Uses
      At line 336 in file startup_ht32f5xxxx_09.s
Comment: __heap_base used once
__heap_limit 00000000

Symbol: __heap_limit
   Definitions
      At line 77 in file startup_ht32f5xxxx_09.s
   Uses
      At line 337 in file startup_ht32f5xxxx_09.s
Comment: __heap_limit used once
5 symbols



ARM Macro Assembler    Page 1 Alphabetic symbol ordering
Relocatable symbols

ADC_IRQHandler 00000134

Symbol: ADC_IRQHandler
   Definitions
      At line 298 in file startup_ht32f5xxxx_09.s
   Uses
      At line 120 in file startup_ht32f5xxxx_09.s
      At line 265 in file startup_ht32f5xxxx_09.s

BFTM0_IRQHandler 00000134

Symbol: BFTM0_IRQHandler
   Definitions
      At line 307 in file startup_ht32f5xxxx_09.s
   Uses
      At line 140 in file startup_ht32f5xxxx_09.s
      At line 274 in file startup_ht32f5xxxx_09.s

BFTM1_IRQHandler 00000134

Symbol: BFTM1_IRQHandler
   Definitions
      At line 308 in file startup_ht32f5xxxx_09.s
   Uses
      At line 141 in file startup_ht32f5xxxx_09.s
      At line 275 in file startup_ht32f5xxxx_09.s

BP1 000000E6

Symbol: BP1
   Definitions
      At line 196 in file startup_ht32f5xxxx_09.s
   Uses
      At line 186 in file startup_ht32f5xxxx_09.s
      At line 189 in file startup_ht32f5xxxx_09.s
      At line 192 in file startup_ht32f5xxxx_09.s

BP2 000000FA

Symbol: BP2
   Definitions
      At line 206 in file startup_ht32f5xxxx_09.s
   Uses
      At line 195 in file startup_ht32f5xxxx_09.s
Comment: BP2 used once
BP3 00000110

Symbol: BP3
   Definitions
      At line 215 in file startup_ht32f5xxxx_09.s
   Uses
      At line 201 in file startup_ht32f5xxxx_09.s
      At line 203 in file startup_ht32f5xxxx_09.s
      At line 205 in file startup_ht32f5xxxx_09.s

BP4 0000011C

Symbol: BP4
   Definitions



ARM Macro Assembler    Page 2 Alphabetic symbol ordering
Relocatable symbols

      At line 221 in file startup_ht32f5xxxx_09.s
   Uses
      At line 219 in file startup_ht32f5xxxx_09.s
Comment: BP4 used once
BootProcess 000000CC

Symbol: BootProcess
   Definitions
      At line 182 in file startup_ht32f5xxxx_09.s
   Uses
      At line 174 in file startup_ht32f5xxxx_09.s
Comment: BootProcess used once
COMP_IRQHandler 00000134

Symbol: COMP_IRQHandler
   Definitions
      At line 297 in file startup_ht32f5xxxx_09.s
   Uses
      At line 118 in file startup_ht32f5xxxx_09.s
      At line 264 in file startup_ht32f5xxxx_09.s

Default_Handler 00000134

Symbol: Default_Handler
   Definitions
      At line 256 in file startup_ht32f5xxxx_09.s
   Uses
      None
Comment: Default_Handler unused
EVWUP_IRQHandler 00000134

Symbol: EVWUP_IRQHandler
   Definitions
      At line 293 in file startup_ht32f5xxxx_09.s
   Uses
      At line 110 in file startup_ht32f5xxxx_09.s
      At line 260 in file startup_ht32f5xxxx_09.s

EXTI0_1_IRQHandler 00000134

Symbol: EXTI0_1_IRQHandler
   Definitions
      At line 294 in file startup_ht32f5xxxx_09.s
   Uses
      At line 111 in file startup_ht32f5xxxx_09.s
      At line 261 in file startup_ht32f5xxxx_09.s

EXTI2_3_IRQHandler 00000134

Symbol: EXTI2_3_IRQHandler
   Definitions
      At line 295 in file startup_ht32f5xxxx_09.s
   Uses
      At line 112 in file startup_ht32f5xxxx_09.s
      At line 262 in file startup_ht32f5xxxx_09.s

EXTI4_15_IRQHandler 00000134

Symbol: EXTI4_15_IRQHandler



ARM Macro Assembler    Page 3 Alphabetic symbol ordering
Relocatable symbols

   Definitions
      At line 296 in file startup_ht32f5xxxx_09.s
   Uses
      At line 113 in file startup_ht32f5xxxx_09.s
      At line 263 in file startup_ht32f5xxxx_09.s

FLASH_IRQHandler 00000134

Symbol: FLASH_IRQHandler
   Definitions
      At line 292 in file startup_ht32f5xxxx_09.s
   Uses
      At line 109 in file startup_ht32f5xxxx_09.s
      At line 259 in file startup_ht32f5xxxx_09.s

GPTM0_IRQHandler 00000134

Symbol: GPTM0_IRQHandler
   Definitions
      At line 302 in file startup_ht32f5xxxx_09.s
   Uses
      At line 129 in file startup_ht32f5xxxx_09.s
      At line 269 in file startup_ht32f5xxxx_09.s

HardFault_Handler 0000012C

Symbol: HardFault_Handler
   Definitions
      At line 236 in file startup_ht32f5xxxx_09.s
   Uses
      At line 92 in file startup_ht32f5xxxx_09.s
      At line 237 in file startup_ht32f5xxxx_09.s

I2C0_IRQHandler 00000134

Symbol: I2C0_IRQHandler
   Definitions
      At line 309 in file startup_ht32f5xxxx_09.s
   Uses
      At line 142 in file startup_ht32f5xxxx_09.s
      At line 276 in file startup_ht32f5xxxx_09.s

I2C1_IRQHandler 00000134

Symbol: I2C1_IRQHandler
   Definitions
      At line 310 in file startup_ht32f5xxxx_09.s
   Uses
      At line 143 in file startup_ht32f5xxxx_09.s
      At line 277 in file startup_ht32f5xxxx_09.s

I2C2_IRQHandler 00000134

Symbol: I2C2_IRQHandler
   Definitions
      At line 299 in file startup_ht32f5xxxx_09.s
   Uses
      At line 125 in file startup_ht32f5xxxx_09.s
      At line 266 in file startup_ht32f5xxxx_09.s



ARM Macro Assembler    Page 4 Alphabetic symbol ordering
Relocatable symbols


LEDC_IRQHandler 00000134

Symbol: LEDC_IRQHandler
   Definitions
      At line 319 in file startup_ht32f5xxxx_09.s
   Uses
      At line 163 in file startup_ht32f5xxxx_09.s
      At line 286 in file startup_ht32f5xxxx_09.s

LVD_BOD_IRQHandler 00000134

Symbol: LVD_BOD_IRQHandler
   Definitions
      At line 290 in file startup_ht32f5xxxx_09.s
   Uses
      At line 107 in file startup_ht32f5xxxx_09.s
      At line 257 in file startup_ht32f5xxxx_09.s

MCTM0_IRQHandler 00000134

Symbol: MCTM0_IRQHandler
   Definitions
      At line 300 in file startup_ht32f5xxxx_09.s
   Uses
      At line 127 in file startup_ht32f5xxxx_09.s
      At line 267 in file startup_ht32f5xxxx_09.s

NMI_Handler 0000012A

Symbol: NMI_Handler
   Definitions
      At line 231 in file startup_ht32f5xxxx_09.s
   Uses
      At line 91 in file startup_ht32f5xxxx_09.s
      At line 232 in file startup_ht32f5xxxx_09.s

PDMA_CH0_1_IRQHandler 00000134

Symbol: PDMA_CH0_1_IRQHandler
   Definitions
      At line 320 in file startup_ht32f5xxxx_09.s
   Uses
      At line 165 in file startup_ht32f5xxxx_09.s
      At line 287 in file startup_ht32f5xxxx_09.s

PDMA_CH2_5_IRQHandler 00000134

Symbol: PDMA_CH2_5_IRQHandler
   Definitions
      At line 321 in file startup_ht32f5xxxx_09.s
   Uses
      At line 166 in file startup_ht32f5xxxx_09.s
      At line 288 in file startup_ht32f5xxxx_09.s

PendSV_Handler 00000130

Symbol: PendSV_Handler
   Definitions



ARM Macro Assembler    Page 5 Alphabetic symbol ordering
Relocatable symbols

      At line 246 in file startup_ht32f5xxxx_09.s
   Uses
      At line 103 in file startup_ht32f5xxxx_09.s
      At line 247 in file startup_ht32f5xxxx_09.s

RESET 00000000

Symbol: RESET
   Definitions
      At line 85 in file startup_ht32f5xxxx_09.s
   Uses
      None
Comment: RESET unused
RTC_IRQHandler 00000134

Symbol: RTC_IRQHandler
   Definitions
      At line 291 in file startup_ht32f5xxxx_09.s
   Uses
      At line 108 in file startup_ht32f5xxxx_09.s
      At line 258 in file startup_ht32f5xxxx_09.s

Reset_Handler 000000C0

Symbol: Reset_Handler
   Definitions
      At line 170 in file startup_ht32f5xxxx_09.s
   Uses
      At line 90 in file startup_ht32f5xxxx_09.s
      At line 171 in file startup_ht32f5xxxx_09.s

SCTM0_IRQHandler 00000134

Symbol: SCTM0_IRQHandler
   Definitions
      At line 303 in file startup_ht32f5xxxx_09.s
   Uses
      At line 130 in file startup_ht32f5xxxx_09.s
      At line 270 in file startup_ht32f5xxxx_09.s

SCTM1_IRQHandler 00000134

Symbol: SCTM1_IRQHandler
   Definitions
      At line 304 in file startup_ht32f5xxxx_09.s
   Uses
      At line 131 in file startup_ht32f5xxxx_09.s
      At line 271 in file startup_ht32f5xxxx_09.s

SCTM2_IRQHandler 00000134

Symbol: SCTM2_IRQHandler
   Definitions
      At line 305 in file startup_ht32f5xxxx_09.s
   Uses
      At line 137 in file startup_ht32f5xxxx_09.s
      At line 272 in file startup_ht32f5xxxx_09.s

SCTM3_IRQHandler 00000134



ARM Macro Assembler    Page 6 Alphabetic symbol ordering
Relocatable symbols


Symbol: SCTM3_IRQHandler
   Definitions
      At line 306 in file startup_ht32f5xxxx_09.s
   Uses
      At line 138 in file startup_ht32f5xxxx_09.s
      At line 273 in file startup_ht32f5xxxx_09.s

SPI0_IRQHandler 00000134

Symbol: SPI0_IRQHandler
   Definitions
      At line 311 in file startup_ht32f5xxxx_09.s
   Uses
      At line 144 in file startup_ht32f5xxxx_09.s
      At line 278 in file startup_ht32f5xxxx_09.s

SPI1_IRQHandler 00000134

Symbol: SPI1_IRQHandler
   Definitions
      At line 312 in file startup_ht32f5xxxx_09.s
   Uses
      At line 145 in file startup_ht32f5xxxx_09.s
      At line 279 in file startup_ht32f5xxxx_09.s

SVC_Handler 0000012E

Symbol: SVC_Handler
   Definitions
      At line 241 in file startup_ht32f5xxxx_09.s
   Uses
      At line 100 in file startup_ht32f5xxxx_09.s
      At line 242 in file startup_ht32f5xxxx_09.s

SysTick_Handler 00000132

Symbol: SysTick_Handler
   Definitions
      At line 251 in file startup_ht32f5xxxx_09.s
   Uses
      At line 104 in file startup_ht32f5xxxx_09.s
      At line 252 in file startup_ht32f5xxxx_09.s

TKEY_IRQHandler 00000134

Symbol: TKEY_IRQHandler
   Definitions
      At line 301 in file startup_ht32f5xxxx_09.s
   Uses
      At line 128 in file startup_ht32f5xxxx_09.s
      At line 268 in file startup_ht32f5xxxx_09.s

UART0_IRQHandler 00000134

Symbol: UART0_IRQHandler
   Definitions
      At line 315 in file startup_ht32f5xxxx_09.s
   Uses



ARM Macro Assembler    Page 7 Alphabetic symbol ordering
Relocatable symbols

      At line 153 in file startup_ht32f5xxxx_09.s
      At line 282 in file startup_ht32f5xxxx_09.s

UART1_IRQHandler 00000134

Symbol: UART1_IRQHandler
   Definitions
      At line 316 in file startup_ht32f5xxxx_09.s
   Uses
      At line 154 in file startup_ht32f5xxxx_09.s
      At line 283 in file startup_ht32f5xxxx_09.s

UART2_IRQHandler 00000134

Symbol: UART2_IRQHandler
   Definitions
      At line 317 in file startup_ht32f5xxxx_09.s
   Uses
      At line 160 in file startup_ht32f5xxxx_09.s
      At line 284 in file startup_ht32f5xxxx_09.s

UART3_IRQHandler 00000134

Symbol: UART3_IRQHandler
   Definitions
      At line 318 in file startup_ht32f5xxxx_09.s
   Uses
      At line 161 in file startup_ht32f5xxxx_09.s
      At line 285 in file startup_ht32f5xxxx_09.s

USART0_IRQHandler 00000134

Symbol: USART0_IRQHandler
   Definitions
      At line 313 in file startup_ht32f5xxxx_09.s
   Uses
      At line 146 in file startup_ht32f5xxxx_09.s
      At line 280 in file startup_ht32f5xxxx_09.s

USART1_IRQHandler 00000134

Symbol: USART1_IRQHandler
   Definitions
      At line 314 in file startup_ht32f5xxxx_09.s
   Uses
      At line 151 in file startup_ht32f5xxxx_09.s
      At line 281 in file startup_ht32f5xxxx_09.s

__Vectors 00000000

Symbol: __Vectors
   Definitions
      At line 88 in file startup_ht32f5xxxx_09.s
   Uses
      At line 86 in file startup_ht32f5xxxx_09.s
Comment: __Vectors used once
46 symbols



ARM Macro Assembler    Page 1 Alphabetic symbol ordering
Absolute symbols

HT32F54231_41 00000013

Symbol: HT32F54231_41
   Definitions
      At line 35 in file startup_ht32f5xxxx_09.s
   Uses
      At line 114 in file startup_ht32f5xxxx_09.s
      At line 121 in file startup_ht32f5xxxx_09.s
      At line 132 in file startup_ht32f5xxxx_09.s
      At line 147 in file startup_ht32f5xxxx_09.s
      At line 155 in file startup_ht32f5xxxx_09.s

HT32F54243_53 00000014

Symbol: HT32F54243_53
   Definitions
      At line 36 in file startup_ht32f5xxxx_09.s
   Uses
      At line 117 in file startup_ht32f5xxxx_09.s
      At line 124 in file startup_ht32f5xxxx_09.s
      At line 136 in file startup_ht32f5xxxx_09.s
      At line 150 in file startup_ht32f5xxxx_09.s
      At line 159 in file startup_ht32f5xxxx_09.s
      At line 164 in file startup_ht32f5xxxx_09.s

Heap_Size 00000000

Symbol: Heap_Size
   Definitions
      At line 71 in file startup_ht32f5xxxx_09.s
   Uses
      At line 76 in file startup_ht32f5xxxx_09.s
Comment: Heap_Size used once
Stack_Size 00000200

Symbol: Stack_Size
   Definitions
      At line 59 in file startup_ht32f5xxxx_09.s
   Uses
      At line 63 in file startup_ht32f5xxxx_09.s
Comment: Stack_Size used once
USE_HT32_CHIP_SET 00000000

Symbol: USE_HT32_CHIP_SET
   Definitions
      At line 27 in file startup_ht32f5xxxx_09.s
   Uses
      At line 38 in file startup_ht32f5xxxx_09.s
Comment: USE_HT32_CHIP_SET used once
USE_STACK_ON_TOP 00000000

Symbol: USE_STACK_ON_TOP
   Definitions
      At line 55 in file startup_ht32f5xxxx_09.s
   Uses
      At line 64 in file startup_ht32f5xxxx_09.s
Comment: USE_STACK_ON_TOP used once
_HT32FWID FFFFFFFF




ARM Macro Assembler    Page 2 Alphabetic symbol ordering
Absolute symbols

Symbol: _HT32FWID
   Definitions
      At line 29 in file startup_ht32f5xxxx_09.s
   Uses
      At line 97 in file startup_ht32f5xxxx_09.s
Comment: _HT32FWID used once
_RESERVED FFFFFFFF

Symbol: _RESERVED
   Definitions
      At line 87 in file startup_ht32f5xxxx_09.s
   Uses
      At line 93 in file startup_ht32f5xxxx_09.s
      At line 94 in file startup_ht32f5xxxx_09.s
      At line 95 in file startup_ht32f5xxxx_09.s
      At line 96 in file startup_ht32f5xxxx_09.s
      At line 98 in file startup_ht32f5xxxx_09.s
      At line 99 in file startup_ht32f5xxxx_09.s
      At line 101 in file startup_ht32f5xxxx_09.s
      At line 102 in file startup_ht32f5xxxx_09.s

8 symbols



ARM Macro Assembler    Page 1 Alphabetic symbol ordering
External symbols

SystemInit 00000000

Symbol: SystemInit
   Definitions
      At line 172 in file startup_ht32f5xxxx_09.s
   Uses
      At line 176 in file startup_ht32f5xxxx_09.s
Comment: SystemInit used once
__main 00000000

Symbol: __main
   Definitions
      At line 173 in file startup_ht32f5xxxx_09.s
   Uses
      At line 178 in file startup_ht32f5xxxx_09.s
Comment: __main used once
2 symbols
403 symbols in table
